<?xml version="1.0" encoding="UTF-8"?>
<!-- Generated by org.testng.reporters.JUnitReportReporter -->
<testsuite hostname="MSI" failures="0" tests="3" name="APITest" time="4.148" errors="0" timestamp="09 Oct 2022 17:45:38 GMT" skipped="0">
  <testcase classname="APITest" name="TC03_GETLogin" time="0.762"/>
  <testcase classname="APITest" name="TC02_GETInventory" time="1.176"/>
  <testcase classname="APITest" name="TC01_POSTPet" time="2.210"/>
</testsuite> <!-- APITest -->
