<?xml version="1.0" encoding="UTF-8"?>
<!-- Generated by org.testng.reporters.JUnitReportReporter -->
<testsuite hostname="MSI" failures="0" tests="3" name="WebUITest" time="16.363" errors="0" timestamp="08 Oct 2022 15:09:16 GMT" skipped="0">
  <testcase classname="WebUITest" name="TC02_DynamicIDTest" time="1.576"/>
  <testcase classname="WebUITest" name="TC03_DynamicTableTest" time="0.892"/>
  <testcase classname="WebUITest" name="TC01_HomePageTest" time="13.895"/>
</testsuite> <!-- WebUITest -->
