<?xml version="1.0" encoding="UTF-8"?>
<!-- Generated by org.testng.reporters.JUnitReportReporter -->
<testsuite hostname="MSI" failures="0" tests="3" name="APITest" time="5.835" errors="0" timestamp="10 Oct 2022 13:45:35 GMT" skipped="0">
  <testcase classname="APITest" name="TC01_POSTPet" time="3.126"/>
  <testcase classname="APITest" name="TC03_GETLogin" time="1.125"/>
  <testcase classname="APITest" name="TC02_GETInventory" time="1.584"/>
</testsuite> <!-- APITest -->
