<?xml version="1.0" encoding="UTF-8"?>
<!-- Generated by org.testng.reporters.JUnitReportReporter -->
<testsuite hostname="MSI" failures="0" tests="3" name="WebUITest" time="17.661" errors="0" timestamp="10 Oct 2022 13:45:35 GMT" skipped="0">
  <testcase classname="WebUITest" name="TC02_DynamicIDTest" time="1.935"/>
  <testcase classname="WebUITest" name="TC01_HomePageTest" time="14.584"/>
  <testcase classname="WebUITest" name="TC03_DynamicTableTest" time="1.142"/>
</testsuite> <!-- WebUITest -->
