<?xml version="1.0" encoding="UTF-8"?>
<!-- Generated by org.testng.reporters.JUnitReportReporter -->
<testsuite hostname="MSI" failures="0" tests="3" name="WebUITest" time="13.623" errors="0" timestamp="09 Oct 2022 19:03:42 GMT" skipped="0">
  <testcase classname="WebUITest" name="TC02_DynamicIDTest" time="2.028"/>
  <testcase classname="WebUITest" name="TC03_DynamicTableTest" time="0.906"/>
  <testcase classname="WebUITest" name="TC01_HomePageTest" time="10.689"/>
</testsuite> <!-- WebUITest -->
