<?xml version="1.0" encoding="UTF-8"?>
<!-- Generated by org.testng.reporters.JUnitReportReporter -->
<testsuite hostname="MSI" failures="0" tests="3" name="WebUITest" time="16.846" errors="0" timestamp="09 Oct 2022 17:45:38 GMT" skipped="0">
  <testcase classname="WebUITest" name="TC01_HomePageTest" time="13.788"/>
  <testcase classname="WebUITest" name="TC03_DynamicTableTest" time="0.986"/>
  <testcase classname="WebUITest" name="TC02_DynamicIDTest" time="2.072"/>
</testsuite> <!-- WebUITest -->
