<?xml version="1.0" encoding="UTF-8"?>
<!-- Generated by org.testng.reporters.JUnitReportReporter -->
<testsuite hostname="MSI" failures="0" tests="1" name="WebUITest" time="19.266" errors="0" timestamp="24 Sep 2022 15:53:30 GMT" skipped="0">
  <testcase classname="WebUITest" name="dynamicTableTest" time="19.266"/>
</testsuite> <!-- WebUITest -->
